[debug] [2025-05-11T10:44:11.473Z] ----------------------------------------------------------------------
[debug] [2025-05-11T10:44:11.475Z] Command:       C:\Program Files\nodejs\node.exe C:\Users\Lenovo\Desktop\eppspadelbot-mainrev\node_modules\firebase-tools\lib\bin\firebase.js emulators:start --only functions
[debug] [2025-05-11T10:44:11.476Z] CLI Version:   13.29.1
[debug] [2025-05-11T10:44:11.476Z] Platform:      win32
[debug] [2025-05-11T10:44:11.476Z] Node Version:  v22.12.0
[debug] [2025-05-11T10:44:11.476Z] Time:          Sun May 11 2025 13:44:11 GMT+0300 (Eastern European Summer Time)
[debug] [2025-05-11T10:44:11.476Z] ----------------------------------------------------------------------
[debug] 
[debug] [2025-05-11T10:44:11.612Z] > command requires scopes: ["email","openid","https://www.googleapis.com/auth/cloudplatformprojects.readonly","https://www.googleapis.com/auth/firebase","https://www.googleapis.com/auth/cloud-platform"]
[debug] [2025-05-11T10:44:11.613Z] > authorizing via signed-in user (aelsheikh1987@gmail.com)
[info] i  emulators: Starting emulators: functions {"metadata":{"emulator":{"name":"hub"},"message":"Starting emulators: functions"}}
[debug] [2025-05-11T10:44:11.626Z] [logging] Logging Emulator only supports listening on one address (127.0.0.1). Not listening on ::1
[debug] [2025-05-11T10:44:11.626Z] assigned listening specs for emulators {"user":{"hub":[{"address":"127.0.0.1","family":"IPv4","port":4400},{"address":"::1","family":"IPv6","port":4400}],"ui":[{"address":"127.0.0.1","family":"IPv4","port":4000},{"address":"::1","family":"IPv6","port":4000}],"logging":[{"address":"127.0.0.1","family":"IPv4","port":4500}]},"metadata":{"message":"assigned listening specs for emulators"}}
[debug] [2025-05-11T10:44:11.633Z] [hub] writing locator at C:\Users\Lenovo\AppData\Local\Temp\hub-padelbolt-5d9a2.json
[debug] [2025-05-11T10:44:11.674Z] [functions] Functions Emulator only supports listening on one address (127.0.0.1). Not listening on ::1
[debug] [2025-05-11T10:44:11.674Z] [eventarc] Eventarc Emulator only supports listening on one address (127.0.0.1). Not listening on ::1
[debug] [2025-05-11T10:44:11.675Z] [tasks] Cloud Tasks Emulator only supports listening on one address (127.0.0.1). Not listening on ::1
[debug] [2025-05-11T10:44:11.675Z] late-assigned ports for functions and eventarc emulators {"user":{"hub":[{"address":"127.0.0.1","family":"IPv4","port":4400},{"address":"::1","family":"IPv6","port":4400}],"ui":[{"address":"127.0.0.1","family":"IPv4","port":4000},{"address":"::1","family":"IPv6","port":4000}],"logging":[{"address":"127.0.0.1","family":"IPv4","port":4500}],"functions":[{"address":"127.0.0.1","family":"IPv4","port":5001}],"eventarc":[{"address":"127.0.0.1","family":"IPv4","port":9299}],"tasks":[{"address":"127.0.0.1","family":"IPv4","port":9499}]},"metadata":{"message":"late-assigned ports for functions and eventarc emulators"}}
[warn] !  functions: The following emulators are not running, calls to these services from the Functions emulator will affect production: apphosting, auth, firestore, database, hosting, pubsub, storage, dataconnect {"metadata":{"emulator":{"name":"functions"},"message":"The following emulators are not running, calls to these services from the Functions emulator will affect production: \u001b[1mapphosting, auth, firestore, database, hosting, pubsub, storage, dataconnect\u001b[22m"}}
[debug] [2025-05-11T10:44:11.679Z] defaultcredentials: writing to file C:\Users\Lenovo\AppData\Roaming\firebase\aelsheikh1987_gmail_com_application_default_credentials.json
[debug] [2025-05-11T10:44:11.687Z] Setting GAC to C:\Users\Lenovo\AppData\Roaming\firebase\aelsheikh1987_gmail_com_application_default_credentials.json {"metadata":{"emulator":{"name":"functions"},"message":"Setting GAC to C:\\Users\\Lenovo\\AppData\\Roaming\\firebase\\aelsheikh1987_gmail_com_application_default_credentials.json"}}
[debug] [2025-05-11T10:44:11.688Z] Checked if tokens are valid: true, expires at: 1746963089160
[debug] [2025-05-11T10:44:11.688Z] Checked if tokens are valid: true, expires at: 1746963089160
[debug] [2025-05-11T10:44:11.689Z] >>> [apiv2][query] GET https://firebase.googleapis.com/v1beta1/projects/padelbolt-5d9a2/adminSdkConfig [none]
[debug] [2025-05-11T10:44:12.453Z] <<< [apiv2][status] GET https://firebase.googleapis.com/v1beta1/projects/padelbolt-5d9a2/adminSdkConfig 200
[debug] [2025-05-11T10:44:12.453Z] <<< [apiv2][body] GET https://firebase.googleapis.com/v1beta1/projects/padelbolt-5d9a2/adminSdkConfig {"projectId":"padelbolt-5d9a2","storageBucket":"padelbolt-5d9a2.firebasestorage.app"}
[info] i  functions: Watching "C:\Users\Lenovo\Desktop\eppspadelbot-mainrev\functions" for Cloud Functions... {"metadata":{"emulator":{"name":"functions"},"message":"Watching \"C:\\Users\\Lenovo\\Desktop\\eppspadelbot-mainrev\\functions\" for Cloud Functions..."}}
[debug] [2025-05-11T10:44:12.513Z] Validating nodejs source
[warn] !  functions: package.json indicates an outdated version of firebase-functions. Please upgrade using npm install --save firebase-functions@latest in your functions directory. 
[warn] !  functions: Please note that there will be breaking changes when you upgrade. 
[debug] [2025-05-11T10:44:14.700Z] > [functions] package.json contents: {
  "name": "functions",
  "description": "Cloud Functions for Firebase",
  "scripts": {
    "serve": "firebase emulators:start --only functions",
    "shell": "firebase functions:shell",
    "start": "npm run shell",
    "deploy": "firebase deploy --only functions",
    "logs": "firebase functions:log"
  },
  "engines": {
    "node": "22"
  },
  "main": "functions.js",
  "dependencies": {
    "dotenv": "^16.5.0",
    "firebase": "^10.8.0",
    "firebase-admin": "^12.0.0",
    "firebase-functions": "^4.7.0"
  },
  "private": true
}
[debug] [2025-05-11T10:44:14.700Z] Building nodejs source
[debug] [2025-05-11T10:44:14.701Z] Failed to find version of module node: reached end of search path C:\Users\Lenovo\Desktop\eppspadelbot-mainrev\functions\node_modules
[info] +  functions: Using node@22 from host. 
[debug] [2025-05-11T10:44:14.703Z] Failed to validate key FIREBASE_PROJECT_ID: Error: Key FIREBASE_PROJECT_ID starts with a reserved prefix (X_GOOGLE_ FIREBASE_ EXT_)
[debug] [2025-05-11T10:44:14.703Z] Failed to validate key FIREBASE_CLIENT_EMAIL: Error: Key FIREBASE_CLIENT_EMAIL starts with a reserved prefix (X_GOOGLE_ FIREBASE_ EXT_)
[debug] [2025-05-11T10:44:14.703Z] Failed to validate key FIREBASE_DATABASE_URL: Error: Key FIREBASE_DATABASE_URL starts with a reserved prefix (X_GOOGLE_ FIREBASE_ EXT_)
[error] !!  functions: Failed to load function definition from source: FirebaseError: Failed to load environment variables from .env. {"metadata":{"emulator":{"name":"functions"},"message":"Failed to load function definition from source: FirebaseError: Failed to load environment variables from .env."}}
[info] i  functions: Watching "C:\Users\Lenovo\Desktop\eppspadelbot-mainrev\padelbotdataset" for Cloud Functions... {"metadata":{"emulator":{"name":"functions"},"message":"Watching \"C:\\Users\\Lenovo\\Desktop\\eppspadelbot-mainrev\\padelbotdataset\" for Cloud Functions..."}}
[debug] [2025-05-11T10:44:14.712Z] Validating nodejs source
[debug] [2025-05-11T10:44:16.773Z] > [functions] package.json contents: {
  "name": "functions",
  "description": "Cloud Functions for Firebase",
  "scripts": {
    "serve": "firebase emulators:start --only functions",
    "shell": "firebase functions:shell",
    "start": "npm run shell",
    "deploy": "firebase deploy --only functions",
    "logs": "firebase functions:log"
  },
  "engines": {
    "node": "22"
  },
  "main": "index.js",
  "dependencies": {
    "firebase-admin": "^12.6.0",
    "firebase-functions": "^6.0.1"
  },
  "devDependencies": {
    "firebase-functions-test": "^3.1.0"
  },
  "private": true
}
[debug] [2025-05-11T10:44:16.774Z] Building nodejs source
[debug] [2025-05-11T10:44:16.774Z] Failed to find version of module node: reached end of search path C:\Users\Lenovo\Desktop\eppspadelbot-mainrev\padelbotdataset\node_modules
[info] +  functions: Using node@22 from host. 
[debug] [2025-05-11T10:44:16.779Z] Could not find functions.yaml. Must use http discovery
[debug] [2025-05-11T10:44:16.803Z] Found firebase-functions binary at 'C:\Users\Lenovo\Desktop\eppspadelbot-mainrev\padelbotdataset\node_modules\.bin\firebase-functions'
[info] Serving at port 8288

[debug] [2025-05-11T10:44:17.719Z] Got response from /__/functions.yaml {"endpoints":{},"specVersion":"v1alpha1","requiredAPIs":[],"extensions":{}}
[info] +  functions: Loaded functions definitions from source: . {"metadata":{"emulator":{"name":"functions"},"message":"Loaded functions definitions from source: ."}}
[debug] [2025-05-11T10:44:21.770Z] Could not find VSCode notification endpoint: FetchError: request to http://localhost:40001/vscode/notify failed, reason: connect ECONNREFUSED ::1:40001. If you are not running the Firebase Data Connect VSCode extension, this is expected and not an issue.
[info] 
┌─────────────────────────────────────────────────────────────┐
│ ✔  All emulators ready! It is now safe to connect your app. │
│ i  View Emulator UI at http://127.0.0.1:4000/               │
└─────────────────────────────────────────────────────────────┘

┌───────────┬────────────────┬─────────────────────────────────┐
│ Emulator  │ Host:Port      │ View in Emulator UI             │
├───────────┼────────────────┼─────────────────────────────────┤
│ Functions │ 127.0.0.1:5001 │ http://127.0.0.1:4000/functions │
└───────────┴────────────────┴─────────────────────────────────┘
  Emulator Hub running at 127.0.0.1:4400
  Other reserved ports: 4500

Issues? Report them at https://github.com/firebase/firebase-tools/issues and attach the *-debug.log files.
 
[debug] [2025-05-11T10:48:42.456Z] ----------------------------------------------------------------------
[debug] [2025-05-11T10:48:42.459Z] Command:       C:\Program Files\nodejs\node.exe C:\Users\Lenovo\Desktop\eppspadelbot-mainrev\node_modules\firebase-tools\lib\bin\firebase.js emulators:start --only functions
[debug] [2025-05-11T10:48:42.459Z] CLI Version:   13.29.1
[debug] [2025-05-11T10:48:42.460Z] Platform:      win32
[debug] [2025-05-11T10:48:42.460Z] Node Version:  v22.12.0
[debug] [2025-05-11T10:48:42.460Z] Time:          Sun May 11 2025 13:48:42 GMT+0300 (Eastern European Summer Time)
[debug] [2025-05-11T10:48:42.460Z] ----------------------------------------------------------------------
[debug] 
[debug] [2025-05-11T10:48:42.606Z] > command requires scopes: ["email","openid","https://www.googleapis.com/auth/cloudplatformprojects.readonly","https://www.googleapis.com/auth/firebase","https://www.googleapis.com/auth/cloud-platform"]
[debug] [2025-05-11T10:48:42.607Z] > authorizing via signed-in user (aelsheikh1987@gmail.com)
[info] i  emulators: Starting emulators: functions {"metadata":{"emulator":{"name":"hub"},"message":"Starting emulators: functions"}}
[debug] [2025-05-11T10:48:42.631Z] [logging] Logging Emulator only supports listening on one address (127.0.0.1). Not listening on ::1
[debug] [2025-05-11T10:48:42.631Z] assigned listening specs for emulators {"user":{"hub":[{"address":"127.0.0.1","family":"IPv4","port":4400},{"address":"::1","family":"IPv6","port":4400}],"ui":[{"address":"127.0.0.1","family":"IPv4","port":4000},{"address":"::1","family":"IPv6","port":4000}],"logging":[{"address":"127.0.0.1","family":"IPv4","port":4500}]},"metadata":{"message":"assigned listening specs for emulators"}}
[warn] !  emulators: It seems that you are running multiple instances of the emulator suite for project padelbolt-5d9a2. This may result in unexpected behavior. 
[debug] [2025-05-11T10:48:42.647Z] [hub] writing locator at C:\Users\Lenovo\AppData\Local\Temp\hub-padelbolt-5d9a2.json
[debug] [2025-05-11T10:48:42.688Z] [functions] Functions Emulator only supports listening on one address (127.0.0.1). Not listening on ::1
[debug] [2025-05-11T10:48:42.689Z] [eventarc] Eventarc Emulator only supports listening on one address (127.0.0.1). Not listening on ::1
[debug] [2025-05-11T10:48:42.689Z] [tasks] Cloud Tasks Emulator only supports listening on one address (127.0.0.1). Not listening on ::1
[debug] [2025-05-11T10:48:42.689Z] late-assigned ports for functions and eventarc emulators {"user":{"hub":[{"address":"127.0.0.1","family":"IPv4","port":4400},{"address":"::1","family":"IPv6","port":4400}],"ui":[{"address":"127.0.0.1","family":"IPv4","port":4000},{"address":"::1","family":"IPv6","port":4000}],"logging":[{"address":"127.0.0.1","family":"IPv4","port":4500}],"functions":[{"address":"127.0.0.1","family":"IPv4","port":5001}],"eventarc":[{"address":"127.0.0.1","family":"IPv4","port":9299}],"tasks":[{"address":"127.0.0.1","family":"IPv4","port":9499}]},"metadata":{"message":"late-assigned ports for functions and eventarc emulators"}}
[warn] !  functions: The following emulators are not running, calls to these services from the Functions emulator will affect production: apphosting, auth, firestore, database, hosting, pubsub, storage, dataconnect {"metadata":{"emulator":{"name":"functions"},"message":"The following emulators are not running, calls to these services from the Functions emulator will affect production: \u001b[1mapphosting, auth, firestore, database, hosting, pubsub, storage, dataconnect\u001b[22m"}}
[debug] [2025-05-11T10:48:42.693Z] defaultcredentials: writing to file C:\Users\Lenovo\AppData\Roaming\firebase\aelsheikh1987_gmail_com_application_default_credentials.json
[debug] [2025-05-11T10:48:42.704Z] Setting GAC to C:\Users\Lenovo\AppData\Roaming\firebase\aelsheikh1987_gmail_com_application_default_credentials.json {"metadata":{"emulator":{"name":"functions"},"message":"Setting GAC to C:\\Users\\Lenovo\\AppData\\Roaming\\firebase\\aelsheikh1987_gmail_com_application_default_credentials.json"}}
[debug] [2025-05-11T10:48:42.707Z] Checked if tokens are valid: true, expires at: 1746963089160
[debug] [2025-05-11T10:48:42.708Z] Checked if tokens are valid: true, expires at: 1746963089160
[debug] [2025-05-11T10:48:42.710Z] >>> [apiv2][query] GET https://firebase.googleapis.com/v1beta1/projects/padelbolt-5d9a2/adminSdkConfig [none]
[debug] [2025-05-11T10:48:43.391Z] <<< [apiv2][status] GET https://firebase.googleapis.com/v1beta1/projects/padelbolt-5d9a2/adminSdkConfig 200
[debug] [2025-05-11T10:48:43.391Z] <<< [apiv2][body] GET https://firebase.googleapis.com/v1beta1/projects/padelbolt-5d9a2/adminSdkConfig {"projectId":"padelbolt-5d9a2","storageBucket":"padelbolt-5d9a2.firebasestorage.app"}
[info] i  functions: Watching "C:\Users\Lenovo\Desktop\eppspadelbot-mainrev\functions" for Cloud Functions... {"metadata":{"emulator":{"name":"functions"},"message":"Watching \"C:\\Users\\Lenovo\\Desktop\\eppspadelbot-mainrev\\functions\" for Cloud Functions..."}}
[debug] [2025-05-11T10:48:43.438Z] Validating nodejs source
[warn] !  functions: package.json indicates an outdated version of firebase-functions. Please upgrade using npm install --save firebase-functions@latest in your functions directory. 
[warn] !  functions: Please note that there will be breaking changes when you upgrade. 
[debug] [2025-05-11T10:48:45.179Z] > [functions] package.json contents: {
  "name": "functions",
  "description": "Cloud Functions for Firebase",
  "scripts": {
    "serve": "firebase emulators:start --only functions",
    "shell": "firebase functions:shell",
    "start": "npm run shell",
    "deploy": "firebase deploy --only functions",
    "logs": "firebase functions:log"
  },
  "engines": {
    "node": "22"
  },
  "main": "functions.js",
  "dependencies": {
    "dotenv": "^16.5.0",
    "firebase": "^10.8.0",
    "firebase-admin": "^12.0.0",
    "firebase-functions": "^4.7.0"
  },
  "private": true
}
[debug] [2025-05-11T10:48:45.179Z] Building nodejs source
[debug] [2025-05-11T10:48:45.180Z] Failed to find version of module node: reached end of search path C:\Users\Lenovo\Desktop\eppspadelbot-mainrev\functions\node_modules
[info] +  functions: Using node@22 from host. 
[debug] [2025-05-11T10:48:45.182Z] Failed to validate key FIREBASE_PROJECT_ID: Error: Key FIREBASE_PROJECT_ID starts with a reserved prefix (X_GOOGLE_ FIREBASE_ EXT_)
[debug] [2025-05-11T10:48:45.182Z] Failed to validate key FIREBASE_CLIENT_EMAIL: Error: Key FIREBASE_CLIENT_EMAIL starts with a reserved prefix (X_GOOGLE_ FIREBASE_ EXT_)
[debug] [2025-05-11T10:48:45.182Z] Failed to validate key FIREBASE_DATABASE_URL: Error: Key FIREBASE_DATABASE_URL starts with a reserved prefix (X_GOOGLE_ FIREBASE_ EXT_)
[error] !!  functions: Failed to load function definition from source: FirebaseError: Failed to load environment variables from .env. {"metadata":{"emulator":{"name":"functions"},"message":"Failed to load function definition from source: FirebaseError: Failed to load environment variables from .env."}}
[info] i  functions: Watching "C:\Users\Lenovo\Desktop\eppspadelbot-mainrev\padelbotdataset" for Cloud Functions... {"metadata":{"emulator":{"name":"functions"},"message":"Watching \"C:\\Users\\Lenovo\\Desktop\\eppspadelbot-mainrev\\padelbotdataset\" for Cloud Functions..."}}
[debug] [2025-05-11T10:48:45.190Z] Validating nodejs source
[debug] [2025-05-11T10:48:46.876Z] > [functions] package.json contents: {
  "name": "functions",
  "description": "Cloud Functions for Firebase",
  "scripts": {
    "serve": "firebase emulators:start --only functions",
    "shell": "firebase functions:shell",
    "start": "npm run shell",
    "deploy": "firebase deploy --only functions",
    "logs": "firebase functions:log"
  },
  "engines": {
    "node": "22"
  },
  "main": "index.js",
  "dependencies": {
    "firebase-admin": "^12.6.0",
    "firebase-functions": "^6.0.1"
  },
  "devDependencies": {
    "firebase-functions-test": "^3.1.0"
  },
  "private": true
}
[debug] [2025-05-11T10:48:46.876Z] Building nodejs source
[debug] [2025-05-11T10:48:46.877Z] Failed to find version of module node: reached end of search path C:\Users\Lenovo\Desktop\eppspadelbot-mainrev\padelbotdataset\node_modules
[info] +  functions: Using node@22 from host. 
[debug] [2025-05-11T10:48:46.881Z] Could not find functions.yaml. Must use http discovery
[debug] [2025-05-11T10:48:46.900Z] Found firebase-functions binary at 'C:\Users\Lenovo\Desktop\eppspadelbot-mainrev\padelbotdataset\node_modules\.bin\firebase-functions'
[info] Serving at port 8372

[debug] [2025-05-11T10:48:48.066Z] Got response from /__/functions.yaml {"endpoints":{},"specVersion":"v1alpha1","requiredAPIs":[],"extensions":{}}
[info] +  functions: Loaded functions definitions from source: . {"metadata":{"emulator":{"name":"functions"},"message":"Loaded functions definitions from source: ."}}
[debug] [2025-05-11T10:48:52.117Z] Could not find VSCode notification endpoint: FetchError: request to http://localhost:40001/vscode/notify failed, reason: connect ECONNREFUSED ::1:40001. If you are not running the Firebase Data Connect VSCode extension, this is expected and not an issue.
[info] 
┌─────────────────────────────────────────────────────────────┐
│ ✔  All emulators ready! It is now safe to connect your app. │
│ i  View Emulator UI at http://127.0.0.1:4000/               │
└─────────────────────────────────────────────────────────────┘

┌───────────┬────────────────┬─────────────────────────────────┐
│ Emulator  │ Host:Port      │ View in Emulator UI             │
├───────────┼────────────────┼─────────────────────────────────┤
│ Functions │ 127.0.0.1:5001 │ http://127.0.0.1:4000/functions │
└───────────┴────────────────┴─────────────────────────────────┘
  Emulator Hub running at 127.0.0.1:4400
  Other reserved ports: 4500

Issues? Report them at https://github.com/firebase/firebase-tools/issues and attach the *-debug.log files.
 
